<?xml version="1.0" encoding="UTF-8"?>
<!-- Generated by org.testng.reporters.JUnitReportReporter -->
<testsuite hostname="TVMATP396133L" failures="0" tests="1" name="com.mystore.testcases.AddToCartPageTest" time="45.682" errors="0" timestamp="2022-10-13T10:42:19 IST" skipped="0">
  <testcase classname="com.mystore.testcases.AddToCartPageTest" name="verifyAddToCartPage" time="45.682"/>
  <system-out/>
</testsuite> <!-- com.mystore.testcases.AddToCartPageTest -->
