<?xml version="1.0" encoding="UTF-8"?>
<!-- Generated by org.testng.reporters.JUnitReportReporter -->
<testsuite hostname="TVMATP396133L" failures="0" tests="1" name="com.mystore.testcases.OrderPageTest" time="32.121" errors="0" timestamp="2022-10-13T10:42:19 IST" skipped="0">
  <testcase classname="com.mystore.testcases.OrderPageTest" name="verifyProductPrice" time="32.121"/>
  <system-out/>
</testsuite> <!-- com.mystore.testcases.OrderPageTest -->
