<?xml version="1.0" encoding="UTF-8"?>
<!-- Generated by org.testng.reporters.JUnitReportReporter -->
<testsuite hostname="TVMATP396133L" failures="0" tests="1" name="com.mystore.testcases.SearchResultPageTest" time="28.093" errors="0" timestamp="2022-10-12T20:54:56 IST" skipped="0">
  <testcase classname="com.mystore.testcases.SearchResultPageTest" name="verifySearchResultPage" time="28.093"/>
  <system-out/>
</testsuite> <!-- com.mystore.testcases.SearchResultPageTest -->
