<?xml version="1.0" encoding="UTF-8"?>
<!-- Generated by org.testng.reporters.JUnitReportReporter -->
<testsuite hostname="TVMATP396133L" failures="0" tests="1" name="com.mystore.testcases.OrderPageTest" time="41.429" errors="0" timestamp="2022-10-12T15:35:48 IST" skipped="0">
  <testcase classname="com.mystore.testcases.OrderPageTest" name="verifyProductPrice" time="41.429"/>
  <system-out/>
</testsuite> <!-- com.mystore.testcases.OrderPageTest -->
