<?xml version="1.0" encoding="UTF-8"?>
<!-- Generated by org.testng.reporters.JUnitReportReporter -->
<testsuite hostname="TVMATP396133L" failures="0" tests="1" name="com.mystore.testcases.IndexPageTest" time="21.673" errors="0" timestamp="2022-10-12T15:35:48 IST" skipped="0">
  <testcase classname="com.mystore.testcases.IndexPageTest" name="verifyIndexPage" time="21.673"/>
  <system-out/>
</testsuite> <!-- com.mystore.testcases.IndexPageTest -->
