<?xml version="1.0" encoding="UTF-8"?>
<!-- Generated by org.testng.reporters.JUnitReportReporter -->
<testsuite hostname="TVMATP396133L" failures="0" tests="1" name="com.mystore.testcases.LoginPageTest" time="28.077" errors="0" timestamp="2022-10-12T15:35:48 IST" skipped="0">
  <testcase classname="com.mystore.testcases.LoginPageTest" name="verifyLoginPage" time="28.077"/>
  <system-out/>
</testsuite> <!-- com.mystore.testcases.LoginPageTest -->
