<?xml version="1.0" encoding="UTF-8"?>
<!-- Generated by org.testng.reporters.JUnitReportReporter -->
<testsuite hostname="TVMATP396133L" failures="0" tests="1" name="com.mystore.testcases.HomePageTest" time="28.947" errors="0" timestamp="2022-10-12T18:16:06 IST" skipped="0">
  <testcase classname="com.mystore.testcases.HomePageTest" name="verifyHomePage" time="28.947"/>
  <system-out/>
</testsuite> <!-- com.mystore.testcases.HomePageTest -->
