<?xml version="1.0" encoding="UTF-8"?>
<!-- Generated by org.testng.reporters.JUnitReportReporter -->
<testsuite hostname="TVMATP396133L" failures="0" tests="1" name="com.mystore.testcases.E2ETest" time="79.248" errors="0" timestamp="2022-10-12T15:35:48 IST" skipped="0">
  <testcase classname="com.mystore.testcases.E2ETest" name="e2etest" time="79.248"/>
  <system-out/>
</testsuite> <!-- com.mystore.testcases.E2ETest -->
